[2023-06-21 02:35:49,380: INFO: helper_functions: yaml file {filename} uploaded successfully]
[2023-06-21 02:35:49,405: INFO: helper_functions: yaml file {filename} uploaded successfully]
[2023-06-21 02:35:49,411: INFO: helper_functions: created directory at: artifacts]
[2023-06-21 02:35:49,417: INFO: helper_functions: created directory at: artifacts/prepare_base_model]
[2023-06-21 02:36:52,245: INFO: helper_functions: yaml file {filename} uploaded successfully]
[2023-06-21 02:36:52,250: INFO: helper_functions: yaml file {filename} uploaded successfully]
[2023-06-21 02:36:52,252: INFO: helper_functions: created directory at: artifacts]
[2023-06-21 02:36:52,255: INFO: helper_functions: created directory at: artifacts/prepare_base_model]
[2023-06-21 02:37:45,052: INFO: helper_functions: yaml file {filename} uploaded successfully]
[2023-06-21 02:37:45,060: INFO: helper_functions: yaml file {filename} uploaded successfully]
[2023-06-21 02:37:45,063: INFO: helper_functions: created directory at: artifacts]
[2023-06-21 02:37:45,067: INFO: helper_functions: created directory at: artifacts/prepare_base_model]
[2023-06-21 02:39:41,876: INFO: helper_functions: yaml file {filename} uploaded successfully]
[2023-06-21 02:39:41,882: INFO: helper_functions: yaml file {filename} uploaded successfully]
[2023-06-21 02:39:41,884: INFO: helper_functions: created directory at: artifacts]
[2023-06-21 02:39:41,887: INFO: helper_functions: created directory at: artifacts/prepare_base_model]
[2023-06-21 02:39:57,601: INFO: helper_functions: yaml file {filename} uploaded successfully]
[2023-06-21 02:39:57,607: INFO: helper_functions: yaml file {filename} uploaded successfully]
[2023-06-21 02:39:57,610: INFO: helper_functions: created directory at: artifacts]
[2023-06-21 02:39:57,612: INFO: helper_functions: created directory at: artifacts/prepare_base_model]
[2023-06-21 02:40:22,930: INFO: helper_functions: yaml file {filename} uploaded successfully]
[2023-06-21 02:40:22,937: INFO: helper_functions: yaml file {filename} uploaded successfully]
[2023-06-21 02:40:22,939: INFO: helper_functions: created directory at: artifacts]
[2023-06-21 02:40:22,942: INFO: helper_functions: created directory at: artifacts/prepare_base_model]
[2023-06-21 02:43:42,952: INFO: helper_functions: yaml file {filename} uploaded successfully]
[2023-06-21 02:43:42,957: INFO: helper_functions: yaml file {filename} uploaded successfully]
[2023-06-21 02:43:42,959: INFO: helper_functions: created directory at: artifacts]
[2023-06-21 02:43:42,962: INFO: helper_functions: created directory at: artifacts/prepare_base_model]
[2023-06-21 02:44:28,840: INFO: helper_functions: yaml file {filename} uploaded successfully]
[2023-06-21 02:44:28,847: INFO: helper_functions: yaml file {filename} uploaded successfully]
[2023-06-21 02:44:28,852: INFO: helper_functions: created directory at: artifacts]
[2023-06-21 02:44:28,855: INFO: helper_functions: created directory at: artifacts/prepare_base_model]
[2023-06-21 02:44:38,270: INFO: helper_functions: yaml file {filename} uploaded successfully]
[2023-06-21 02:44:38,276: INFO: helper_functions: yaml file {filename} uploaded successfully]
[2023-06-21 02:44:38,279: INFO: helper_functions: created directory at: artifacts]
[2023-06-21 02:44:38,282: INFO: helper_functions: created directory at: artifacts/prepare_base_model]
[2023-06-21 02:44:52,686: INFO: helper_functions: yaml file {filename} uploaded successfully]
[2023-06-21 02:44:52,692: INFO: helper_functions: yaml file {filename} uploaded successfully]
[2023-06-21 02:44:52,694: INFO: helper_functions: created directory at: artifacts]
[2023-06-21 02:44:52,697: INFO: helper_functions: created directory at: artifacts/prepare_base_model]
[2023-06-21 02:46:11,953: INFO: helper_functions: yaml file {filename} uploaded successfully]
[2023-06-21 02:46:11,961: INFO: helper_functions: yaml file {filename} uploaded successfully]
[2023-06-21 02:46:11,965: INFO: helper_functions: created directory at: artifacts]
[2023-06-21 02:46:11,974: INFO: helper_functions: created directory at: artifacts/prepare_base_model]
[2023-06-21 02:46:28,864: INFO: helper_functions: yaml file {filename} uploaded successfully]
[2023-06-21 02:46:28,873: INFO: helper_functions: yaml file {filename} uploaded successfully]
[2023-06-21 02:46:28,879: INFO: helper_functions: created directory at: artifacts]
[2023-06-21 02:46:28,884: INFO: helper_functions: created directory at: artifacts/prepare_base_model]
[2023-06-21 02:47:40,225: INFO: helper_functions: yaml file {filename} uploaded successfully]
[2023-06-21 02:47:40,233: INFO: helper_functions: yaml file {filename} uploaded successfully]
[2023-06-21 02:47:40,239: INFO: helper_functions: created directory at: artifacts]
[2023-06-21 02:47:40,245: INFO: helper_functions: created directory at: artifacts/prepare_base_model]
[2023-06-21 02:48:24,565: INFO: helper_functions: yaml file {filename} uploaded successfully]
[2023-06-21 02:48:24,571: INFO: helper_functions: yaml file {filename} uploaded successfully]
[2023-06-21 02:48:24,574: INFO: helper_functions: created directory at: artifacts]
[2023-06-21 02:48:24,577: INFO: helper_functions: created directory at: artifacts/prepare_base_model]
[2023-06-21 02:49:27,018: INFO: helper_functions: yaml file {filename} uploaded successfully]
[2023-06-21 02:49:27,024: INFO: helper_functions: yaml file {filename} uploaded successfully]
[2023-06-21 02:49:27,027: INFO: helper_functions: created directory at: artifacts]
[2023-06-21 02:49:27,030: INFO: helper_functions: created directory at: artifacts/prepare_base_model]
[2023-06-21 02:49:43,417: INFO: helper_functions: yaml file {filename} uploaded successfully]
[2023-06-21 02:49:43,423: INFO: helper_functions: yaml file {filename} uploaded successfully]
[2023-06-21 02:49:43,425: INFO: helper_functions: created directory at: artifacts]
[2023-06-21 02:49:43,428: INFO: helper_functions: created directory at: artifacts/prepare_base_model]
[2023-06-21 02:49:44,289: WARNING: saving_utils: Compiled the loaded model, but the compiled metrics have yet to be built. `model.compile_metrics` will be empty until you train or evaluate the model.]
[2023-06-21 02:50:29,443: INFO: helper_functions: yaml file {filename} uploaded successfully]
[2023-06-21 02:50:29,448: INFO: helper_functions: yaml file {filename} uploaded successfully]
[2023-06-21 02:50:29,450: INFO: helper_functions: created directory at: artifacts]
[2023-06-21 02:50:29,453: INFO: helper_functions: created directory at: artifacts/prepare_base_model]
[2023-06-21 02:50:30,303: WARNING: saving_utils: Compiled the loaded model, but the compiled metrics have yet to be built. `model.compile_metrics` will be empty until you train or evaluate the model.]
[2023-06-21 02:50:30,473: WARNING: optimizer: `lr` is deprecated, please use `learning_rate` instead, or use the legacy optimizer, e.g.,tf.keras.optimizers.legacy.SGD.]
[2023-06-21 03:04:19,973: INFO: main: <<<<<<<<< STAGE: Data Ingestation Stage started >>>>>>>>>>>]
[2023-06-21 03:04:19,980: INFO: helper_functions: yaml file {filename} uploaded successfully]
[2023-06-21 03:04:19,983: INFO: helper_functions: yaml file {filename} uploaded successfully]
[2023-06-21 03:04:19,985: INFO: helper_functions: created directory at: artifacts]
[2023-06-21 03:04:19,988: INFO: helper_functions: created directory at: artifacts/data]
[2023-06-21 03:04:19,993: INFO: data_ingestion: File already exists]
[2023-06-21 03:04:20,608: INFO: main: <<<<<<<<< STAGE: Data Ingestation Stage completed >>>>>>>>>>>]
[2023-06-21 03:04:20,610: INFO: main: <<<<<<<<< STAGE: Data Ingestation Stage started >>>>>>>>>>>]
[2023-06-21 03:04:20,611: ERROR: main: main() missing 1 required positional argument: 'self']
Traceback (most recent call last):
  File "main.py", line 24, in <module>
    obj.main()
TypeError: main() missing 1 required positional argument: 'self'
[2023-06-21 03:05:28,349: INFO: main: <<<<<<<<< STAGE: Data Ingestation Stage started >>>>>>>>>>>]
[2023-06-21 03:05:28,352: INFO: helper_functions: yaml file {filename} uploaded successfully]
[2023-06-21 03:05:28,356: INFO: helper_functions: yaml file {filename} uploaded successfully]
[2023-06-21 03:05:28,358: INFO: helper_functions: created directory at: artifacts]
[2023-06-21 03:05:28,363: INFO: helper_functions: created directory at: artifacts/data]
[2023-06-21 03:05:48,042: INFO: data_ingestion: artifacts/data/data.zip download! with following info: 
Connection: close
Content-Length: 11616915
Cache-Control: max-age=300
Content-Security-Policy: default-src 'none'; style-src 'unsafe-inline'; sandbox
Content-Type: application/zip
ETag: "adf745abc03891fe493c3be264ec012691fe3fa21d861f35a27edbe6d86a76b1"
Strict-Transport-Security: max-age=31536000
X-Content-Type-Options: nosniff
X-Frame-Options: deny
X-XSS-Protection: 1; mode=block
X-GitHub-Request-Id: 154A:759A:18FF68:1DEA8B:649222AA
Accept-Ranges: bytes
Date: Tue, 20 Jun 2023 22:05:32 GMT
Via: 1.1 varnish
X-Served-By: cache-fjr990020-FJR
X-Cache: MISS
X-Cache-Hits: 0
X-Timer: S1687298730.278883,VS0,VE2387
Vary: Authorization,Accept-Encoding,Origin
Access-Control-Allow-Origin: *
Cross-Origin-Resource-Policy: cross-origin
X-Fastly-Request-ID: c4e35881c493d5ab8dd7e184164b1136cc27a81d
Expires: Tue, 20 Jun 2023 22:10:32 GMT
Source-Age: 2

]
[2023-06-21 03:05:48,660: INFO: main: <<<<<<<<< STAGE: Data Ingestation Stage completed >>>>>>>>>>>]
[2023-06-21 03:05:48,661: INFO: main: <<<<<<<<< STAGE: Data Ingestation Stage started >>>>>>>>>>>]
[2023-06-21 03:05:48,662: ERROR: main: main() missing 1 required positional argument: 'self']
Traceback (most recent call last):
  File "main.py", line 24, in <module>
    obj.main()
TypeError: main() missing 1 required positional argument: 'self'
[2023-06-21 03:07:30,831: INFO: main: <<<<<<<<< STAGE: Data Ingestation Stage started >>>>>>>>>>>]
[2023-06-21 03:07:30,872: INFO: helper_functions: yaml file {filename} uploaded successfully]
[2023-06-21 03:07:30,908: INFO: helper_functions: yaml file {filename} uploaded successfully]
[2023-06-21 03:07:30,916: INFO: helper_functions: created directory at: artifacts]
[2023-06-21 03:07:30,923: INFO: helper_functions: created directory at: artifacts/data]
[2023-06-21 03:07:49,153: INFO: data_ingestion: artifacts/data/data.zip download! with following info: 
Connection: close
Content-Length: 11616915
Cache-Control: max-age=300
Content-Security-Policy: default-src 'none'; style-src 'unsafe-inline'; sandbox
Content-Type: application/zip
ETag: "adf745abc03891fe493c3be264ec012691fe3fa21d861f35a27edbe6d86a76b1"
Strict-Transport-Security: max-age=31536000
X-Content-Type-Options: nosniff
X-Frame-Options: deny
X-XSS-Protection: 1; mode=block
X-GitHub-Request-Id: 154A:759A:18FF68:1DEA8B:649222AA
Accept-Ranges: bytes
Date: Tue, 20 Jun 2023 22:07:33 GMT
Via: 1.1 varnish
X-Served-By: cache-fjr990023-FJR
X-Cache: HIT
X-Cache-Hits: 0
X-Timer: S1687298853.305452,VS0,VE1
Vary: Authorization,Accept-Encoding,Origin
Access-Control-Allow-Origin: *
Cross-Origin-Resource-Policy: cross-origin
X-Fastly-Request-ID: cd16c01a4f55e4be35eaa5c7d327e476fb7cb098
Expires: Tue, 20 Jun 2023 22:12:33 GMT
Source-Age: 123

]
[2023-06-21 03:07:52,172: INFO: main: <<<<<<<<< STAGE: Data Ingestation Stage completed >>>>>>>>>>>]
[2023-06-21 03:07:52,173: INFO: main: <<<<<<<<< STAGE: Data Ingestation Stage started >>>>>>>>>>>]
[2023-06-21 03:07:52,200: INFO: helper_functions: yaml file {filename} uploaded successfully]
[2023-06-21 03:07:52,235: INFO: helper_functions: yaml file {filename} uploaded successfully]
[2023-06-21 03:07:52,268: INFO: helper_functions: created directory at: artifacts]
[2023-06-21 03:07:52,303: INFO: helper_functions: created directory at: artifacts/prepare_base_model]
[2023-06-21 03:07:55,340: WARNING: saving_utils: Compiled the loaded model, but the compiled metrics have yet to be built. `model.compile_metrics` will be empty until you train or evaluate the model.]
[2023-06-21 03:07:56,029: WARNING: optimizer: `lr` is deprecated, please use `learning_rate` instead, or use the legacy optimizer, e.g.,tf.keras.optimizers.legacy.SGD.]
[2023-06-21 03:07:56,639: INFO: main: <<<<<<<<< STAGE: Data Ingestation Stage completed >>>>>>>>>>>]
[2023-06-21 03:10:47,824: INFO: main: <<<<<<<<< STAGE: Data Ingestation Stage started >>>>>>>>>>>]
[2023-06-21 03:10:47,847: INFO: helper_functions: yaml file config\config.yaml uploaded successfully]
[2023-06-21 03:10:47,865: INFO: helper_functions: yaml file params.yaml uploaded successfully]
[2023-06-21 03:10:47,919: INFO: helper_functions: created directory at: artifacts]
[2023-06-21 03:10:47,967: INFO: helper_functions: created directory at: artifacts/data]
[2023-06-21 03:11:06,247: INFO: data_ingestion: artifacts/data/data.zip download! with following info: 
Connection: close
Content-Length: 11616915
Cache-Control: max-age=300
Content-Security-Policy: default-src 'none'; style-src 'unsafe-inline'; sandbox
Content-Type: application/zip
ETag: "adf745abc03891fe493c3be264ec012691fe3fa21d861f35a27edbe6d86a76b1"
Strict-Transport-Security: max-age=31536000
X-Content-Type-Options: nosniff
X-Frame-Options: deny
X-XSS-Protection: 1; mode=block
X-GitHub-Request-Id: 154A:759A:18FF68:1DEA8B:649222AA
Accept-Ranges: bytes
Date: Tue, 20 Jun 2023 22:10:50 GMT
Via: 1.1 varnish
X-Served-By: cache-fjr990028-FJR
X-Cache: HIT
X-Cache-Hits: 0
X-Timer: S1687299050.026287,VS0,VE412
Vary: Authorization,Accept-Encoding,Origin
Access-Control-Allow-Origin: *
Cross-Origin-Resource-Policy: cross-origin
X-Fastly-Request-ID: 034b7ff9fb138ede862e24dc82ee9b508ee256ea
Expires: Tue, 20 Jun 2023 22:15:50 GMT
Source-Age: 0

]
[2023-06-21 03:11:08,693: INFO: main: <<<<<<<<< STAGE: Data Ingestation Stage completed >>>>>>>>>>>]
[2023-06-21 03:11:08,695: INFO: main: <<<<<<<<< STAGE: Data Ingestation Stage started >>>>>>>>>>>]
[2023-06-21 03:11:08,700: INFO: helper_functions: yaml file config\config.yaml uploaded successfully]
[2023-06-21 03:11:08,704: INFO: helper_functions: yaml file params.yaml uploaded successfully]
[2023-06-21 03:11:08,705: INFO: helper_functions: created directory at: artifacts]
[2023-06-21 03:11:08,706: INFO: helper_functions: created directory at: artifacts/base_model]
[2023-06-21 03:11:10,935: WARNING: saving_utils: Compiled the loaded model, but the compiled metrics have yet to be built. `model.compile_metrics` will be empty until you train or evaluate the model.]
[2023-06-21 03:11:11,217: WARNING: optimizer: `lr` is deprecated, please use `learning_rate` instead, or use the legacy optimizer, e.g.,tf.keras.optimizers.legacy.SGD.]
[2023-06-21 03:11:11,429: INFO: main: <<<<<<<<< STAGE: Data Ingestation Stage completed >>>>>>>>>>>]
